<?xml version="1.0" encoding="UTF-8"?>
<!-- Generated by org.testng.reporters.JUnitXMLReporter -->
<testsuite hostname="DESKTOP-R9VJGBE" ignored="2" name="ashok" tests="5" failures="0" timestamp="31 Jul 2018 09:49:04 GMT" time="0.089" errors="0">
  <testcase name="testProductCost" time="0.018" classname="com.crm.testngprograms.Demo2"/>
  <testcase name="testProductText" time="0.003" classname="com.crm.testngprograms.Demo1"/>
  <testcase name="testProductTag" time="0.005" classname="com.crm.testngprograms.Demo2"/>
  <testcase name="testProductLine" time="0.01" classname="com.crm.testngprograms.Demo3"/>
  <testcase name="testProductDiscount" time="0.002" classname="com.crm.testngprograms.Demo2"/>
  <testcase name="testProductImage" time="0.0" classname="com.crm.testngprograms.Demo1">
    <ignored/>
  </testcase> <!-- testProductImage -->
  <testcase name="testProductPrice" time="0.0" classname="com.crm.testngprograms.Demo1">
    <ignored/>
  </testcase> <!-- testProductPrice -->
</testsuite> <!-- ashok -->
