<?xml version="1.0" encoding="UTF-8"?>
<!-- Generated by org.testng.reporters.JUnitXMLReporter -->
<testsuite hostname="DESKTOP-R9VJGBE" ignored="0" name="ashok(failed)" tests="1" failures="1" timestamp="31 Jul 2018 09:37:15 GMT" time="0.083" errors="0">
  <testcase name="testProductLine" time="0.032" classname="com.crm.testngprograms.Demo3">
    <failure type="java.lang.AssertionError" message="The following asserts failed:
	expected [Asho] but found [Ashok]">
      <![CDATA[java.lang.AssertionError: The following asserts failed:
expected [Asho] but found [Ashok]
at com.crm.testngprograms.Demo3.testProductLine(Demo3.java:19)
... Removed 26 stack frames]]>
    </failure>
  </testcase> <!-- testProductLine -->
</testsuite> <!-- ashok(failed) -->
