<?xml version="1.0" encoding="UTF-8"?>
<testng-results skipped="0" failed="0" ignored="0" total="1" passed="1">
  <reporter-output>
    <line>
      <![CDATA[testValidLogin is PASSED]]>
    </line>
  </reporter-output>
  <suite name="Default suite" duration-ms="56061" started-at="2018-09-15T09:24:38Z" finished-at="2018-09-15T09:25:34Z">
    <groups>
      <group name="smoke">
        <method signature="ValidLogin.testValidLogin()[pri:1, instance:com.crm.test.ValidLogin@5442a311]" name="testValidLogin" class="com.crm.test.ValidLogin"/>
      </group> <!-- smoke -->
      <group name="login">
        <method signature="ValidLogin.testValidLogin()[pri:1, instance:com.crm.test.ValidLogin@5442a311]" name="testValidLogin" class="com.crm.test.ValidLogin"/>
      </group> <!-- login -->
    </groups>
    <test name="Default test" duration-ms="56061" started-at="2018-09-15T09:24:38Z" finished-at="2018-09-15T09:25:34Z">
      <class name="com.crm.test.ValidLogin">
        <test-method status="PASS" signature="openApplication()[pri:0, instance:com.crm.test.ValidLogin@5442a311]" name="openApplication" is-config="true" duration-ms="40743" started-at="2018-09-15T09:24:38Z" finished-at="2018-09-15T09:25:19Z">
          <reporter-output>
          </reporter-output>
        </test-method> <!-- openApplication -->
        <test-method status="PASS" signature="testValidLogin()[pri:1, instance:com.crm.test.ValidLogin@5442a311]" name="testValidLogin" duration-ms="13548" started-at="2018-09-15T09:25:19Z" finished-at="2018-09-15T09:25:32Z">
          <reporter-output>
          </reporter-output>
        </test-method> <!-- testValidLogin -->
        <test-method status="PASS" signature="closeApplication(org.testng.ITestResult)[pri:0, instance:com.crm.test.ValidLogin@5442a311]" name="closeApplication" is-config="true" duration-ms="1707" started-at="2018-09-15T09:25:32Z" finished-at="2018-09-15T09:25:34Z">
          <params>
            <param index="0">
              <value>
                <![CDATA[[TestResult name=testValidLogin status=SUCCESS method=ValidLogin.testValidLogin()[pri:1, instance:com.crm.test.ValidLogin@5442a311] output={null}]]]>
              </value>
            </param>
          </params>
          <reporter-output>
            <line>
              <![CDATA[testValidLogin is PASSED]]>
            </line>
          </reporter-output>
        </test-method> <!-- closeApplication -->
      </class> <!-- com.crm.test.ValidLogin -->
    </test> <!-- Default test -->
  </suite> <!-- Default suite -->
</testng-results>
